2021-12-14 13:27:01,739:INFO:Initializing load_model()
2021-12-14 13:27:01,739:INFO:load_model(model_name=model, platform=None, authentication=None, verbose=True)
2021-12-14 13:27:43,647:INFO:Initializing load_model()
2021-12-14 13:27:43,648:INFO:load_model(model_name=model, platform=None, authentication=None, verbose=True)
2021-12-14 13:27:48,836:INFO:Initializing load_model()
2021-12-14 13:27:48,836:INFO:load_model(model_name=model, platform=None, authentication=None, verbose=True)
2021-12-14 13:27:58,090:INFO:Initializing load_model()
2021-12-14 13:27:58,091:INFO:load_model(model_name=model, platform=None, authentication=None, verbose=True)
2021-12-14 13:28:02,978:INFO:Initializing load_model()
2021-12-14 13:28:02,979:INFO:load_model(model_name=model, platform=None, authentication=None, verbose=True)
2021-12-14 13:28:14,640:INFO:Initializing load_model()
2021-12-14 13:28:14,640:INFO:load_model(model_name=model, platform=None, authentication=None, verbose=True)
2021-12-14 13:28:14,708:INFO:Initializing predict_model()
2021-12-14 13:28:14,708:INFO:predict_model(estimator=Pipeline(steps=[('dtypes',
                 DataTypes_Auto_infer(ml_usecase='classification',
                                      numerical_features=['yearsAtCompany'],
                                      target='turnover')),
                ('imputer',
                 Simple_Imputer(categorical_strategy='not_available',
                                fill_value_categorical=None,
                                fill_value_numerical=None,
                                numeric_strategy='mean',
                                target_variable=None)),
                ('new_levels1',
                 New_Catagorical_Levels_in_TestData(rep...
                ('rem_outliers', 'passthrough'), ('cluster_all', 'passthrough'),
                ('dummy', Dummify(target='turnover')),
                ('fix_perfect', Remove_100(target='turnover')),
                ('clean_names', Clean_Colum_Names()),
                ('feature_select', 'passthrough'), ('fix_multi', 'passthrough'),
                ('dfs', 'passthrough'), ('pca', 'passthrough'),
                ['trained_model',
                 GradientBoostingClassifier(random_state=3080)]]), probability_threshold=None, encoded_labels=False, raw_score=False, round=4, verbose=True, ml_usecase=MLUsecase.CLASSIFICATION, display=None)
2021-12-14 13:28:14,708:INFO:Checking exceptions
2021-12-14 13:28:14,708:INFO:Preloading libraries
2021-12-14 13:31:51,876:INFO:Initializing load_model()
2021-12-14 13:31:51,877:INFO:load_model(model_name=model, platform=None, authentication=None, verbose=True)
2021-12-14 13:31:54,527:INFO:Initializing load_model()
2021-12-14 13:31:54,528:INFO:load_model(model_name=model, platform=None, authentication=None, verbose=True)
2021-12-14 13:31:54,843:INFO:Initializing load_model()
2021-12-14 13:31:54,843:INFO:load_model(model_name=model, platform=None, authentication=None, verbose=True)
2021-12-14 13:31:54,883:INFO:Initializing predict_model()
2021-12-14 13:31:54,883:INFO:predict_model(estimator=Pipeline(steps=[('dtypes',
                 DataTypes_Auto_infer(ml_usecase='classification',
                                      numerical_features=['yearsAtCompany'],
                                      target='turnover')),
                ('imputer',
                 Simple_Imputer(categorical_strategy='not_available',
                                fill_value_categorical=None,
                                fill_value_numerical=None,
                                numeric_strategy='mean',
                                target_variable=None)),
                ('new_levels1',
                 New_Catagorical_Levels_in_TestData(rep...
                ('rem_outliers', 'passthrough'), ('cluster_all', 'passthrough'),
                ('dummy', Dummify(target='turnover')),
                ('fix_perfect', Remove_100(target='turnover')),
                ('clean_names', Clean_Colum_Names()),
                ('feature_select', 'passthrough'), ('fix_multi', 'passthrough'),
                ('dfs', 'passthrough'), ('pca', 'passthrough'),
                ['trained_model',
                 GradientBoostingClassifier(random_state=3080)]]), probability_threshold=None, encoded_labels=False, raw_score=False, round=4, verbose=True, ml_usecase=MLUsecase.CLASSIFICATION, display=None)
2021-12-14 13:31:54,884:INFO:Checking exceptions
2021-12-14 13:31:54,884:INFO:Preloading libraries
2021-12-14 13:32:11,928:INFO:Initializing load_model()
2021-12-14 13:32:11,929:INFO:load_model(model_name=model, platform=None, authentication=None, verbose=True)
2021-12-14 13:32:12,287:INFO:Initializing load_model()
2021-12-14 13:32:12,288:INFO:load_model(model_name=model, platform=None, authentication=None, verbose=True)
2021-12-14 13:32:12,334:INFO:Initializing predict_model()
2021-12-14 13:32:12,334:INFO:predict_model(estimator=Pipeline(steps=[('dtypes',
                 DataTypes_Auto_infer(ml_usecase='classification',
                                      numerical_features=['yearsAtCompany'],
                                      target='turnover')),
                ('imputer',
                 Simple_Imputer(categorical_strategy='not_available',
                                fill_value_categorical=None,
                                fill_value_numerical=None,
                                numeric_strategy='mean',
                                target_variable=None)),
                ('new_levels1',
                 New_Catagorical_Levels_in_TestData(rep...
                ('rem_outliers', 'passthrough'), ('cluster_all', 'passthrough'),
                ('dummy', Dummify(target='turnover')),
                ('fix_perfect', Remove_100(target='turnover')),
                ('clean_names', Clean_Colum_Names()),
                ('feature_select', 'passthrough'), ('fix_multi', 'passthrough'),
                ('dfs', 'passthrough'), ('pca', 'passthrough'),
                ['trained_model',
                 GradientBoostingClassifier(random_state=3080)]]), probability_threshold=None, encoded_labels=False, raw_score=False, round=4, verbose=True, ml_usecase=MLUsecase.CLASSIFICATION, display=None)
2021-12-14 13:32:12,335:INFO:Checking exceptions
2021-12-14 13:32:12,335:INFO:Preloading libraries
