2021-12-14 12:39:18,424:INFO:PyCaret Supervised Module
2021-12-14 12:39:18,424:INFO:ML Usecase: classification
2021-12-14 12:39:18,424:INFO:version 2.2.0
2021-12-14 12:39:18,425:INFO:Initializing setup()
2021-12-14 12:39:18,425:INFO:setup(target=turnover, ml_usecase=classification, available_plots={'parameter': 'Hyperparameters', 'auc': 'AUC', 'confusion_matrix': 'Confusion Matrix', 'threshold': 'Threshold', 'pr': 'Precision Recall', 'error': 'Prediction Error', 'class_report': 'Class Report', 'rfe': 'Feature Selection', 'learning': 'Learning Curve', 'manifold': 'Manifold Learning', 'calibration': 'Calibration Curve', 'vc': 'Validation Curve', 'dimension': 'Dimensions', 'feature': 'Feature Importance', 'feature_all': 'Feature Importance (All)', 'boundary': 'Decision Boundary', 'lift': 'Lift Chart', 'gain': 'Gain Chart', 'tree': 'Decision Tree'}, train_size=0.7, test_data=None, preprocess=True, imputation_type=simple, iterative_imputation_iters=5, categorical_features=None, categorical_imputation=constant, categorical_iterative_imputer=lightgbm, ordinal_features=None, high_cardinality_features=None, high_cardinality_method=frequency, numeric_features=['yearsAtCompany'], numeric_imputation=mean, numeric_iterative_imputer=lightgbm, date_features=None, ignore_features=None, normalize=True, normalize_method=minmax, transformation=False, transformation_method=yeo-johnson, handle_unknown_categorical=True, unknown_categorical_method=least_frequent, pca=False, pca_method=linear, pca_components=None, ignore_low_variance=False, combine_rare_levels=False, rare_level_threshold=0.1, bin_numeric_features=None, remove_outliers=False, outliers_threshold=0.05, remove_multicollinearity=False, multicollinearity_threshold=0.9, remove_perfect_collinearity=True, create_clusters=False, cluster_iter=20, polynomial_features=False, polynomial_degree=2, trigonometry_features=False, polynomial_threshold=0.1, group_features=None, group_names=None, feature_selection=False, feature_selection_threshold=0.8, feature_selection_method=classic, feature_interaction=False, feature_ratio=False, interaction_threshold=0.01, fix_imbalance=True, fix_imbalance_method=None, transform_target=False, transform_target_method=box-cox, data_split_shuffle=True, data_split_stratify=True, fold_strategy=stratifiedkfold, fold=10, fold_shuffle=False, fold_groups=None, n_jobs=-1, use_gpu=False, custom_pipeline=None, html=True, session_id=None, log_experiment=False, experiment_name=None, log_plots=False, log_profile=False, log_data=False, silent=False, verbose=True, profile=False, display=None)
2021-12-14 12:39:18,425:INFO:Checking environment
2021-12-14 12:39:18,425:INFO:python_version: 3.8.5
2021-12-14 12:39:18,426:INFO:python_build: ('default', 'Sep  4 2020 02:22:02')
2021-12-14 12:39:18,426:INFO:machine: x86_64
2021-12-14 12:39:18,469:INFO:platform: macOS-10.16-x86_64-i386-64bit
2021-12-14 12:39:18,469:INFO:Memory: svmem(total=8589934592, available=512860160, percent=94.0, used=818413568, free=24113152, active=483024896, inactive=456232960, wired=335388672)
2021-12-14 12:39:18,470:INFO:Physical Core: 8
2021-12-14 12:39:18,470:INFO:Logical Core: 8
2021-12-14 12:39:18,470:INFO:Checking libraries
2021-12-14 12:39:18,470:INFO:pd==1.3.2
2021-12-14 12:39:18,470:INFO:numpy==1.20.3
2021-12-14 12:39:18,470:INFO:sklearn==0.24.2
2021-12-14 12:39:18,616:INFO:xgboost==1.3.3
2021-12-14 12:39:18,617:INFO:lightgbm==3.1.1
2021-12-14 12:39:18,929:INFO:catboost==0.26
2021-12-14 12:39:19,143:INFO:mlflow==1.19.0
2021-12-14 12:39:19,144:INFO:Checking Exceptions
2021-12-14 12:39:19,144:INFO:Declaring global variables
2021-12-14 12:39:19,144:INFO:USI: 0d8a
2021-12-14 12:39:19,144:INFO:pycaret_globals: {'iterative_imputation_iters_param', 'data_before_preprocess', 'log_plots_param', 'fix_imbalance_param', 'y_test', 'X_train', 'fold_param', 'transform_target_method_param', 'fix_imbalance_method_param', 'master_model_container', 'fold_generator', '_all_models', 'gpu_param', 'prep_pipe', 'stratify_param', 'create_model_container', 'transform_target_param', 'y_train', 'target_param', 'fold_groups_param', '_all_models_internal', 'html_param', 'USI', 'imputation_classifier', 'y', 'fold_shuffle_param', 'display_container', 'pycaret_globals', '_ml_usecase', 'experiment__', 'n_jobs_param', 'logging_param', 'X_test', 'X', 'seed', '_internal_pipeline', 'imputation_regressor', 'exp_name_log', '_available_plots', '_all_metrics', '_gpu_n_jobs_param'}
2021-12-14 12:39:19,144:INFO:Preparing display monitor
2021-12-14 12:39:19,144:INFO:Preparing display monitor
2021-12-14 12:39:19,152:INFO:Importing libraries
2021-12-14 12:39:19,152:INFO:Copying data for preprocessing
2021-12-14 12:39:19,156:INFO:Declaring preprocessing parameters
2021-12-14 12:39:19,157:INFO:Creating preprocessing pipeline
2021-12-14 12:39:19,166:INFO:Preprocessing pipeline created successfully
2021-12-14 12:39:19,166:ERROR:(Process Exit): setup has been interupted with user command 'quit'. setup must rerun.
2021-12-14 12:39:19,166:INFO:Creating global containers
2021-12-14 12:42:57,415:INFO:PyCaret Supervised Module
2021-12-14 12:42:57,416:INFO:ML Usecase: classification
2021-12-14 12:42:57,416:INFO:version 2.3.3
2021-12-14 12:42:57,416:INFO:Initializing setup()
2021-12-14 12:42:57,416:INFO:setup(target=turnover, ml_usecase=classification, available_plots={'parameter': 'Hyperparameters', 'auc': 'AUC', 'confusion_matrix': 'Confusion Matrix', 'threshold': 'Threshold', 'pr': 'Precision Recall', 'error': 'Prediction Error', 'class_report': 'Class Report', 'rfe': 'Feature Selection', 'learning': 'Learning Curve', 'manifold': 'Manifold Learning', 'calibration': 'Calibration Curve', 'vc': 'Validation Curve', 'dimension': 'Dimensions', 'feature': 'Feature Importance', 'feature_all': 'Feature Importance (All)', 'boundary': 'Decision Boundary', 'lift': 'Lift Chart', 'gain': 'Gain Chart', 'tree': 'Decision Tree', 'ks': 'KS Statistic Plot'}, train_size=0.7, test_data=None, preprocess=True, imputation_type=simple, iterative_imputation_iters=5, categorical_features=None, categorical_imputation=constant, categorical_iterative_imputer=lightgbm, ordinal_features=None, high_cardinality_features=None, high_cardinality_method=frequency, numeric_features=['yearsAtCompany'], numeric_imputation=mean, numeric_iterative_imputer=lightgbm, date_features=None, ignore_features=None, normalize=True, normalize_method=minmax, transformation=False, transformation_method=yeo-johnson, handle_unknown_categorical=True, unknown_categorical_method=least_frequent, pca=False, pca_method=linear, pca_components=None, ignore_low_variance=False, combine_rare_levels=False, rare_level_threshold=0.1, bin_numeric_features=None, remove_outliers=False, outliers_threshold=0.05, remove_multicollinearity=False, multicollinearity_threshold=0.9, remove_perfect_collinearity=True, create_clusters=False, cluster_iter=20, polynomial_features=False, polynomial_degree=2, trigonometry_features=False, polynomial_threshold=0.1, group_features=None, group_names=None, feature_selection=False, feature_selection_threshold=0.8, feature_selection_method=classic, feature_interaction=False, feature_ratio=False, interaction_threshold=0.01, fix_imbalance=True, fix_imbalance_method=None, transform_target=False, transform_target_method=box-cox, data_split_shuffle=True, data_split_stratify=True, fold_strategy=stratifiedkfold, fold=10, fold_shuffle=False, fold_groups=None, n_jobs=-1, use_gpu=False, custom_pipeline=None, html=True, session_id=None, log_experiment=False, experiment_name=None, log_plots=False, log_profile=False, log_data=False, silent=False, verbose=True, profile=False, profile_kwargs=None, display=None)
2021-12-14 12:42:57,416:INFO:Checking environment
2021-12-14 12:42:57,416:INFO:python_version: 3.8.11
2021-12-14 12:42:57,417:INFO:python_build: ('default', 'Aug  6 2021 08:56:27')
2021-12-14 12:42:57,417:INFO:machine: x86_64
2021-12-14 12:42:57,453:INFO:platform: macOS-10.16-x86_64-i386-64bit
2021-12-14 12:42:57,454:INFO:Memory: svmem(total=8589934592, available=452853760, percent=94.7, used=770617344, free=18677760, active=436137984, inactive=423272448, wired=334479360)
2021-12-14 12:42:57,454:INFO:Physical Core: 8
2021-12-14 12:42:57,454:INFO:Logical Core: 8
2021-12-14 12:42:57,454:INFO:Checking libraries
2021-12-14 12:42:57,454:INFO:pd==1.3.2
2021-12-14 12:42:57,454:INFO:numpy==1.19.5
2021-12-14 12:42:57,454:INFO:sklearn==0.23.2
2021-12-14 12:42:57,454:INFO:lightgbm==3.1.1
2021-12-14 12:42:57,455:WARNING:catboost not found
2021-12-14 12:42:57,455:WARNING:xgboost not found
2021-12-14 12:42:57,635:INFO:mlflow==1.19.0
2021-12-14 12:42:57,635:INFO:Checking Exceptions
2021-12-14 12:42:57,636:INFO:Declaring global variables
2021-12-14 12:42:57,636:INFO:USI: b9bb
2021-12-14 12:42:57,636:INFO:pycaret_globals: {'y_test', 'transform_target_method_param', 'iterative_imputation_iters_param', 'y', 'imputation_regressor', 'master_model_container', '_ml_usecase', 'y_train', 'experiment__', 'log_plots_param', 'n_jobs_param', 'X', 'gpu_param', 'fold_param', 'stratify_param', 'fold_shuffle_param', 'pycaret_globals', '_internal_pipeline', 'data_before_preprocess', 'display_container', 'fix_imbalance_param', 'fold_generator', 'X_train', 'USI', 'target_param', '_available_plots', 'prep_pipe', 'X_test', 'transform_target_param', 'fold_groups_param', 'html_param', '_gpu_n_jobs_param', 'fold_groups_param_full', 'exp_name_log', 'imputation_classifier', 'seed', '_all_metrics', '_all_models', 'create_model_container', '_all_models_internal', 'logging_param', 'fix_imbalance_method_param'}
2021-12-14 12:42:57,636:INFO:Preparing display monitor
2021-12-14 12:42:57,636:INFO:Preparing display monitor
2021-12-14 12:42:57,644:INFO:Importing libraries
2021-12-14 12:42:57,644:INFO:Copying data for preprocessing
2021-12-14 12:42:57,648:INFO:Declaring preprocessing parameters
2021-12-14 12:42:57,649:INFO:Creating preprocessing pipeline
2021-12-14 12:42:57,655:INFO:Preprocessing pipeline created successfully
2021-12-14 12:42:57,655:ERROR:(Process Exit): setup has been interupted with user command 'quit'. setup must rerun.
2021-12-14 12:42:57,655:INFO:Creating global containers
2021-12-14 12:42:57,656:INFO:Internal pipeline: Pipeline(memory=None,
         steps=[('fix_imbalance',
                 SMOTE(k_neighbors=5, n_jobs=None, random_state=3080,
                       sampling_strategy='auto'))],
         verbose=False)
2021-12-14 12:43:02,375:WARNING:Couldn't import xgboost.XGBClassifier
2021-12-14 12:43:02,375:WARNING:Couldn't import catboost.CatBoostClassifier
2021-12-14 12:43:02,432:WARNING:Couldn't import xgboost.XGBClassifier
2021-12-14 12:43:02,432:WARNING:Couldn't import catboost.CatBoostClassifier
2021-12-14 12:43:02,432:INFO:Creating grid variables
2021-12-14 12:43:02,440:INFO:create_model_container: 0
2021-12-14 12:43:02,440:INFO:master_model_container: 0
2021-12-14 12:43:02,440:INFO:display_container: 1
2021-12-14 12:43:02,443:INFO:Pipeline(memory=None,
         steps=[('dtypes',
                 DataTypes_Auto_infer(categorical_features=[],
                                      display_types=True, features_todrop=[],
                                      id_columns=[],
                                      ml_usecase='classification',
                                      numerical_features=['yearsAtCompany'],
                                      target='turnover', time_features=[])),
                ('imputer',
                 Simple_Imputer(categorical_strategy='not_available',
                                fill_value_categorical=None,
                                fill_value_numerical=...
                ('P_transform', 'passthrough'), ('binn', 'passthrough'),
                ('rem_outliers', 'passthrough'), ('cluster_all', 'passthrough'),
                ('dummy', Dummify(target='turnover')),
                ('fix_perfect', Remove_100(target='turnover')),
                ('clean_names', Clean_Colum_Names()),
                ('feature_select', 'passthrough'), ('fix_multi', 'passthrough'),
                ('dfs', 'passthrough'), ('pca', 'passthrough')],
         verbose=False)
2021-12-14 12:43:02,443:INFO:setup() succesfully completed......................................
2021-12-14 12:43:07,352:INFO:Initializing compare_models()
2021-12-14 12:43:07,353:INFO:compare_models(include=None, fold=5, round=4, cross_validation=True, sort=AUC, n_select=1, budget_time=None, turbo=True, errors=ignore, fit_kwargs=None, groups=None, verbose=True, display=None, exclude=None)
2021-12-14 12:43:07,353:INFO:Checking exceptions
2021-12-14 12:43:07,356:INFO:Preparing display monitor
2021-12-14 12:43:07,356:INFO:Preparing display monitor
2021-12-14 12:43:07,392:INFO:Initializing Logistic Regression
2021-12-14 12:43:07,392:INFO:Total runtime is 2.586841583251953e-06 minutes
2021-12-14 12:43:07,399:INFO:SubProcess create_model() called ==================================
2021-12-14 12:43:07,401:INFO:Initializing create_model()
2021-12-14 12:43:07,401:INFO:create_model(estimator=lr, fold=StratifiedKFold(n_splits=5, random_state=None, shuffle=False), round=4, cross_validation=True, predict=True, fit_kwargs={}, groups=None, refit=False, verbose=False, system=False, metrics=None, display=<pycaret.internal.Display.Display object at 0x7fcee94cfd90>, kwargs={})
2021-12-14 12:43:07,401:INFO:Checking exceptions
2021-12-14 12:43:07,401:INFO:Importing libraries
2021-12-14 12:43:07,402:INFO:Copying training dataset
2021-12-14 12:43:07,402:INFO:Defining folds
2021-12-14 12:43:07,402:INFO:Declaring metric variables
2021-12-14 12:43:07,409:INFO:Importing untrained model
2021-12-14 12:43:07,414:INFO:Logistic Regression Imported succesfully
2021-12-14 12:43:07,424:INFO:Starting cross validation
2021-12-14 12:43:07,424:INFO:Cross validating with StratifiedKFold(n_splits=5, random_state=None, shuffle=False), n_jobs=-1
2021-12-14 12:43:09,404:INFO:Calculating mean and std
2021-12-14 12:43:09,409:INFO:Creating metrics dataframe
2021-12-14 12:43:09,421:INFO:Uploading results into container
2021-12-14 12:43:09,421:INFO:Uploading model into container now
2021-12-14 12:43:09,422:INFO:create_model_container: 1
2021-12-14 12:43:09,422:INFO:master_model_container: 1
2021-12-14 12:43:09,422:INFO:display_container: 2
2021-12-14 12:43:09,424:INFO:LogisticRegression(C=1.0, class_weight=None, dual=False, fit_intercept=True,
                   intercept_scaling=1, l1_ratio=None, max_iter=1000,
                   multi_class='auto', n_jobs=None, penalty='l2',
                   random_state=3080, solver='lbfgs', tol=0.0001, verbose=0,
                   warm_start=False)
2021-12-14 12:43:09,424:INFO:create_model() succesfully completed......................................
2021-12-14 12:43:09,510:INFO:SubProcess create_model() end ==================================
2021-12-14 12:43:09,510:INFO:Creating metrics dataframe
2021-12-14 12:43:09,518:INFO:Initializing K Neighbors Classifier
2021-12-14 12:43:09,518:INFO:Total runtime is 0.03544063568115235 minutes
2021-12-14 12:43:09,522:INFO:SubProcess create_model() called ==================================
2021-12-14 12:43:09,523:INFO:Initializing create_model()
2021-12-14 12:43:09,523:INFO:create_model(estimator=knn, fold=StratifiedKFold(n_splits=5, random_state=None, shuffle=False), round=4, cross_validation=True, predict=True, fit_kwargs={}, groups=None, refit=False, verbose=False, system=False, metrics=None, display=<pycaret.internal.Display.Display object at 0x7fcee94cfd90>, kwargs={})
2021-12-14 12:43:09,523:INFO:Checking exceptions
2021-12-14 12:43:09,523:INFO:Importing libraries
2021-12-14 12:43:09,523:INFO:Copying training dataset
2021-12-14 12:43:09,523:INFO:Defining folds
2021-12-14 12:43:09,523:INFO:Declaring metric variables
2021-12-14 12:43:09,527:INFO:Importing untrained model
2021-12-14 12:43:09,531:INFO:K Neighbors Classifier Imported succesfully
2021-12-14 12:43:09,539:INFO:Starting cross validation
2021-12-14 12:43:09,540:INFO:Cross validating with StratifiedKFold(n_splits=5, random_state=None, shuffle=False), n_jobs=-1
2021-12-14 12:43:10,865:INFO:Calculating mean and std
2021-12-14 12:43:10,866:INFO:Creating metrics dataframe
2021-12-14 12:43:10,871:INFO:Uploading results into container
2021-12-14 12:43:10,871:INFO:Uploading model into container now
2021-12-14 12:43:10,871:INFO:create_model_container: 2
2021-12-14 12:43:10,871:INFO:master_model_container: 2
2021-12-14 12:43:10,871:INFO:display_container: 2
2021-12-14 12:43:10,871:INFO:KNeighborsClassifier(algorithm='auto', leaf_size=30, metric='minkowski',
                     metric_params=None, n_jobs=-1, n_neighbors=5, p=2,
                     weights='uniform')
2021-12-14 12:43:10,871:INFO:create_model() succesfully completed......................................
2021-12-14 12:43:10,937:INFO:SubProcess create_model() end ==================================
2021-12-14 12:43:10,937:INFO:Creating metrics dataframe
2021-12-14 12:43:10,947:INFO:Initializing Naive Bayes
2021-12-14 12:43:10,947:INFO:Total runtime is 0.059250736236572274 minutes
2021-12-14 12:43:10,951:INFO:SubProcess create_model() called ==================================
2021-12-14 12:43:10,951:INFO:Initializing create_model()
2021-12-14 12:43:10,951:INFO:create_model(estimator=nb, fold=StratifiedKFold(n_splits=5, random_state=None, shuffle=False), round=4, cross_validation=True, predict=True, fit_kwargs={}, groups=None, refit=False, verbose=False, system=False, metrics=None, display=<pycaret.internal.Display.Display object at 0x7fcee94cfd90>, kwargs={})
2021-12-14 12:43:10,951:INFO:Checking exceptions
2021-12-14 12:43:10,951:INFO:Importing libraries
2021-12-14 12:43:10,951:INFO:Copying training dataset
2021-12-14 12:43:10,952:INFO:Defining folds
2021-12-14 12:43:10,952:INFO:Declaring metric variables
2021-12-14 12:43:10,956:INFO:Importing untrained model
2021-12-14 12:43:10,961:INFO:Naive Bayes Imported succesfully
2021-12-14 12:43:10,970:INFO:Starting cross validation
2021-12-14 12:43:10,971:INFO:Cross validating with StratifiedKFold(n_splits=5, random_state=None, shuffle=False), n_jobs=-1
2021-12-14 12:43:12,047:INFO:Calculating mean and std
2021-12-14 12:43:12,048:INFO:Creating metrics dataframe
2021-12-14 12:43:12,051:INFO:Uploading results into container
2021-12-14 12:43:12,051:INFO:Uploading model into container now
2021-12-14 12:43:12,051:INFO:create_model_container: 3
2021-12-14 12:43:12,051:INFO:master_model_container: 3
2021-12-14 12:43:12,051:INFO:display_container: 2
2021-12-14 12:43:12,051:INFO:GaussianNB(priors=None, var_smoothing=1e-09)
2021-12-14 12:43:12,051:INFO:create_model() succesfully completed......................................
2021-12-14 12:43:12,104:INFO:SubProcess create_model() end ==================================
2021-12-14 12:43:12,104:INFO:Creating metrics dataframe
2021-12-14 12:43:12,113:INFO:Initializing Decision Tree Classifier
2021-12-14 12:43:12,113:INFO:Total runtime is 0.07868866920471193 minutes
2021-12-14 12:43:12,117:INFO:SubProcess create_model() called ==================================
2021-12-14 12:43:12,118:INFO:Initializing create_model()
2021-12-14 12:43:12,118:INFO:create_model(estimator=dt, fold=StratifiedKFold(n_splits=5, random_state=None, shuffle=False), round=4, cross_validation=True, predict=True, fit_kwargs={}, groups=None, refit=False, verbose=False, system=False, metrics=None, display=<pycaret.internal.Display.Display object at 0x7fcee94cfd90>, kwargs={})
2021-12-14 12:43:12,118:INFO:Checking exceptions
2021-12-14 12:43:12,118:INFO:Importing libraries
2021-12-14 12:43:12,118:INFO:Copying training dataset
2021-12-14 12:43:12,118:INFO:Defining folds
2021-12-14 12:43:12,118:INFO:Declaring metric variables
2021-12-14 12:43:12,122:INFO:Importing untrained model
2021-12-14 12:43:12,127:INFO:Decision Tree Classifier Imported succesfully
2021-12-14 12:43:12,135:INFO:Starting cross validation
2021-12-14 12:43:12,136:INFO:Cross validating with StratifiedKFold(n_splits=5, random_state=None, shuffle=False), n_jobs=-1
2021-12-14 12:43:12,235:INFO:Calculating mean and std
2021-12-14 12:43:12,236:INFO:Creating metrics dataframe
2021-12-14 12:43:12,239:INFO:Uploading results into container
2021-12-14 12:43:12,239:INFO:Uploading model into container now
2021-12-14 12:43:12,239:INFO:create_model_container: 4
2021-12-14 12:43:12,239:INFO:master_model_container: 4
2021-12-14 12:43:12,239:INFO:display_container: 2
2021-12-14 12:43:12,239:INFO:DecisionTreeClassifier(ccp_alpha=0.0, class_weight=None, criterion='gini',
                       max_depth=None, max_features=None, max_leaf_nodes=None,
                       min_impurity_decrease=0.0, min_impurity_split=None,
                       min_samples_leaf=1, min_samples_split=2,
                       min_weight_fraction_leaf=0.0, presort='deprecated',
                       random_state=3080, splitter='best')
2021-12-14 12:43:12,239:INFO:create_model() succesfully completed......................................
2021-12-14 12:43:12,288:INFO:SubProcess create_model() end ==================================
2021-12-14 12:43:12,289:INFO:Creating metrics dataframe
2021-12-14 12:43:12,298:INFO:Initializing SVM - Linear Kernel
2021-12-14 12:43:12,298:INFO:Total runtime is 0.08177605470021568 minutes
2021-12-14 12:43:12,303:INFO:SubProcess create_model() called ==================================
2021-12-14 12:43:12,303:INFO:Initializing create_model()
2021-12-14 12:43:12,303:INFO:create_model(estimator=svm, fold=StratifiedKFold(n_splits=5, random_state=None, shuffle=False), round=4, cross_validation=True, predict=True, fit_kwargs={}, groups=None, refit=False, verbose=False, system=False, metrics=None, display=<pycaret.internal.Display.Display object at 0x7fcee94cfd90>, kwargs={})
2021-12-14 12:43:12,303:INFO:Checking exceptions
2021-12-14 12:43:12,303:INFO:Importing libraries
2021-12-14 12:43:12,303:INFO:Copying training dataset
2021-12-14 12:43:12,304:INFO:Defining folds
2021-12-14 12:43:12,304:INFO:Declaring metric variables
2021-12-14 12:43:12,308:INFO:Importing untrained model
2021-12-14 12:43:12,312:INFO:SVM - Linear Kernel Imported succesfully
2021-12-14 12:43:12,321:INFO:Starting cross validation
2021-12-14 12:43:12,321:INFO:Cross validating with StratifiedKFold(n_splits=5, random_state=None, shuffle=False), n_jobs=-1
2021-12-14 12:43:12,393:INFO:Calculating mean and std
2021-12-14 12:43:12,393:INFO:Creating metrics dataframe
2021-12-14 12:43:12,396:INFO:Uploading results into container
2021-12-14 12:43:12,396:INFO:Uploading model into container now
2021-12-14 12:43:12,396:INFO:create_model_container: 5
2021-12-14 12:43:12,396:INFO:master_model_container: 5
2021-12-14 12:43:12,396:INFO:display_container: 2
2021-12-14 12:43:12,398:INFO:SGDClassifier(alpha=0.0001, average=False, class_weight=None,
              early_stopping=False, epsilon=0.1, eta0=0.001, fit_intercept=True,
              l1_ratio=0.15, learning_rate='optimal', loss='hinge',
              max_iter=1000, n_iter_no_change=5, n_jobs=-1, penalty='l2',
              power_t=0.5, random_state=3080, shuffle=True, tol=0.001,
              validation_fraction=0.1, verbose=0, warm_start=False)
2021-12-14 12:43:12,398:INFO:create_model() succesfully completed......................................
2021-12-14 12:43:12,451:INFO:SubProcess create_model() end ==================================
2021-12-14 12:43:12,451:INFO:Creating metrics dataframe
2021-12-14 12:43:12,463:INFO:Initializing Ridge Classifier
2021-12-14 12:43:12,463:INFO:Total runtime is 0.08451861937840782 minutes
2021-12-14 12:43:12,467:INFO:SubProcess create_model() called ==================================
2021-12-14 12:43:12,467:INFO:Initializing create_model()
2021-12-14 12:43:12,467:INFO:create_model(estimator=ridge, fold=StratifiedKFold(n_splits=5, random_state=None, shuffle=False), round=4, cross_validation=True, predict=True, fit_kwargs={}, groups=None, refit=False, verbose=False, system=False, metrics=None, display=<pycaret.internal.Display.Display object at 0x7fcee94cfd90>, kwargs={})
2021-12-14 12:43:12,467:INFO:Checking exceptions
2021-12-14 12:43:12,467:INFO:Importing libraries
2021-12-14 12:43:12,467:INFO:Copying training dataset
2021-12-14 12:43:12,468:INFO:Defining folds
2021-12-14 12:43:12,468:INFO:Declaring metric variables
2021-12-14 12:43:12,473:INFO:Importing untrained model
2021-12-14 12:43:12,477:INFO:Ridge Classifier Imported succesfully
2021-12-14 12:43:12,485:INFO:Starting cross validation
2021-12-14 12:43:12,485:INFO:Cross validating with StratifiedKFold(n_splits=5, random_state=None, shuffle=False), n_jobs=-1
2021-12-14 12:43:12,527:INFO:Calculating mean and std
2021-12-14 12:43:12,528:INFO:Creating metrics dataframe
2021-12-14 12:43:12,530:INFO:Uploading results into container
2021-12-14 12:43:12,530:INFO:Uploading model into container now
2021-12-14 12:43:12,530:INFO:create_model_container: 6
2021-12-14 12:43:12,530:INFO:master_model_container: 6
2021-12-14 12:43:12,530:INFO:display_container: 2
2021-12-14 12:43:12,530:INFO:RidgeClassifier(alpha=1.0, class_weight=None, copy_X=True, fit_intercept=True,
                max_iter=None, normalize=False, random_state=3080,
                solver='auto', tol=0.001)
2021-12-14 12:43:12,531:INFO:create_model() succesfully completed......................................
2021-12-14 12:43:12,585:INFO:SubProcess create_model() end ==================================
2021-12-14 12:43:12,585:INFO:Creating metrics dataframe
2021-12-14 12:43:12,595:INFO:Initializing Random Forest Classifier
2021-12-14 12:43:12,596:INFO:Total runtime is 0.0867300351460775 minutes
2021-12-14 12:43:12,600:INFO:SubProcess create_model() called ==================================
2021-12-14 12:43:12,600:INFO:Initializing create_model()
2021-12-14 12:43:12,600:INFO:create_model(estimator=rf, fold=StratifiedKFold(n_splits=5, random_state=None, shuffle=False), round=4, cross_validation=True, predict=True, fit_kwargs={}, groups=None, refit=False, verbose=False, system=False, metrics=None, display=<pycaret.internal.Display.Display object at 0x7fcee94cfd90>, kwargs={})
2021-12-14 12:43:12,601:INFO:Checking exceptions
2021-12-14 12:43:12,601:INFO:Importing libraries
2021-12-14 12:43:12,601:INFO:Copying training dataset
2021-12-14 12:43:12,601:INFO:Defining folds
2021-12-14 12:43:12,601:INFO:Declaring metric variables
2021-12-14 12:43:12,605:INFO:Importing untrained model
2021-12-14 12:43:12,609:INFO:Random Forest Classifier Imported succesfully
2021-12-14 12:43:12,619:INFO:Starting cross validation
2021-12-14 12:43:12,619:INFO:Cross validating with StratifiedKFold(n_splits=5, random_state=None, shuffle=False), n_jobs=-1
2021-12-14 12:43:13,993:INFO:Calculating mean and std
2021-12-14 12:43:13,995:INFO:Creating metrics dataframe
2021-12-14 12:43:13,999:INFO:Uploading results into container
2021-12-14 12:43:13,999:INFO:Uploading model into container now
2021-12-14 12:43:13,999:INFO:create_model_container: 7
2021-12-14 12:43:13,999:INFO:master_model_container: 7
2021-12-14 12:43:13,999:INFO:display_container: 2
2021-12-14 12:43:13,999:INFO:RandomForestClassifier(bootstrap=True, ccp_alpha=0.0, class_weight=None,
                       criterion='gini', max_depth=None, max_features='auto',
                       max_leaf_nodes=None, max_samples=None,
                       min_impurity_decrease=0.0, min_impurity_split=None,
                       min_samples_leaf=1, min_samples_split=2,
                       min_weight_fraction_leaf=0.0, n_estimators=100,
                       n_jobs=-1, oob_score=False, random_state=3080, verbose=0,
                       warm_start=False)
2021-12-14 12:43:13,999:INFO:create_model() succesfully completed......................................
2021-12-14 12:43:14,053:INFO:SubProcess create_model() end ==================================
2021-12-14 12:43:14,053:INFO:Creating metrics dataframe
2021-12-14 12:43:14,063:INFO:Initializing Quadratic Discriminant Analysis
2021-12-14 12:43:14,063:INFO:Total runtime is 0.11118645270665489 minutes
2021-12-14 12:43:14,067:INFO:SubProcess create_model() called ==================================
2021-12-14 12:43:14,067:INFO:Initializing create_model()
2021-12-14 12:43:14,067:INFO:create_model(estimator=qda, fold=StratifiedKFold(n_splits=5, random_state=None, shuffle=False), round=4, cross_validation=True, predict=True, fit_kwargs={}, groups=None, refit=False, verbose=False, system=False, metrics=None, display=<pycaret.internal.Display.Display object at 0x7fcee94cfd90>, kwargs={})
2021-12-14 12:43:14,067:INFO:Checking exceptions
2021-12-14 12:43:14,067:INFO:Importing libraries
2021-12-14 12:43:14,067:INFO:Copying training dataset
2021-12-14 12:43:14,068:INFO:Defining folds
2021-12-14 12:43:14,068:INFO:Declaring metric variables
2021-12-14 12:43:14,072:INFO:Importing untrained model
2021-12-14 12:43:14,076:INFO:Quadratic Discriminant Analysis Imported succesfully
2021-12-14 12:43:14,084:INFO:Starting cross validation
2021-12-14 12:43:14,084:INFO:Cross validating with StratifiedKFold(n_splits=5, random_state=None, shuffle=False), n_jobs=-1
2021-12-14 12:43:14,144:INFO:Calculating mean and std
2021-12-14 12:43:14,145:INFO:Creating metrics dataframe
2021-12-14 12:43:14,147:INFO:Uploading results into container
2021-12-14 12:43:14,147:INFO:Uploading model into container now
2021-12-14 12:43:14,147:INFO:create_model_container: 8
2021-12-14 12:43:14,147:INFO:master_model_container: 8
2021-12-14 12:43:14,147:INFO:display_container: 2
2021-12-14 12:43:14,148:INFO:QuadraticDiscriminantAnalysis(priors=None, reg_param=0.0,
                              store_covariance=False, tol=0.0001)
2021-12-14 12:43:14,148:INFO:create_model() succesfully completed......................................
2021-12-14 12:43:14,201:INFO:SubProcess create_model() end ==================================
2021-12-14 12:43:14,202:INFO:Creating metrics dataframe
2021-12-14 12:43:14,212:INFO:Initializing Ada Boost Classifier
2021-12-14 12:43:14,213:INFO:Total runtime is 0.11368051767349245 minutes
2021-12-14 12:43:14,217:INFO:SubProcess create_model() called ==================================
2021-12-14 12:43:14,218:INFO:Initializing create_model()
2021-12-14 12:43:14,218:INFO:create_model(estimator=ada, fold=StratifiedKFold(n_splits=5, random_state=None, shuffle=False), round=4, cross_validation=True, predict=True, fit_kwargs={}, groups=None, refit=False, verbose=False, system=False, metrics=None, display=<pycaret.internal.Display.Display object at 0x7fcee94cfd90>, kwargs={})
2021-12-14 12:43:14,218:INFO:Checking exceptions
2021-12-14 12:43:14,218:INFO:Importing libraries
2021-12-14 12:43:14,218:INFO:Copying training dataset
2021-12-14 12:43:14,218:INFO:Defining folds
2021-12-14 12:43:14,218:INFO:Declaring metric variables
2021-12-14 12:43:14,222:INFO:Importing untrained model
2021-12-14 12:43:14,227:INFO:Ada Boost Classifier Imported succesfully
2021-12-14 12:43:14,237:INFO:Starting cross validation
2021-12-14 12:43:14,237:INFO:Cross validating with StratifiedKFold(n_splits=5, random_state=None, shuffle=False), n_jobs=-1
2021-12-14 12:43:14,595:INFO:Calculating mean and std
2021-12-14 12:43:14,596:INFO:Creating metrics dataframe
2021-12-14 12:43:14,598:INFO:Uploading results into container
2021-12-14 12:43:14,598:INFO:Uploading model into container now
2021-12-14 12:43:14,598:INFO:create_model_container: 9
2021-12-14 12:43:14,598:INFO:master_model_container: 9
2021-12-14 12:43:14,598:INFO:display_container: 2
2021-12-14 12:43:14,598:INFO:AdaBoostClassifier(algorithm='SAMME.R', base_estimator=None, learning_rate=1.0,
                   n_estimators=50, random_state=3080)
2021-12-14 12:43:14,598:INFO:create_model() succesfully completed......................................
2021-12-14 12:43:14,646:INFO:SubProcess create_model() end ==================================
2021-12-14 12:43:14,646:INFO:Creating metrics dataframe
2021-12-14 12:43:14,656:INFO:Initializing Gradient Boosting Classifier
2021-12-14 12:43:14,656:INFO:Total runtime is 0.12106710275014243 minutes
2021-12-14 12:43:14,660:INFO:SubProcess create_model() called ==================================
2021-12-14 12:43:14,661:INFO:Initializing create_model()
2021-12-14 12:43:14,661:INFO:create_model(estimator=gbc, fold=StratifiedKFold(n_splits=5, random_state=None, shuffle=False), round=4, cross_validation=True, predict=True, fit_kwargs={}, groups=None, refit=False, verbose=False, system=False, metrics=None, display=<pycaret.internal.Display.Display object at 0x7fcee94cfd90>, kwargs={})
2021-12-14 12:43:14,661:INFO:Checking exceptions
2021-12-14 12:43:14,661:INFO:Importing libraries
2021-12-14 12:43:14,661:INFO:Copying training dataset
2021-12-14 12:43:14,662:INFO:Defining folds
2021-12-14 12:43:14,662:INFO:Declaring metric variables
2021-12-14 12:43:14,666:INFO:Importing untrained model
2021-12-14 12:43:14,670:INFO:Gradient Boosting Classifier Imported succesfully
2021-12-14 12:43:14,678:INFO:Starting cross validation
2021-12-14 12:43:14,679:INFO:Cross validating with StratifiedKFold(n_splits=5, random_state=None, shuffle=False), n_jobs=-1
2021-12-14 12:43:15,566:INFO:Calculating mean and std
2021-12-14 12:43:15,567:INFO:Creating metrics dataframe
2021-12-14 12:43:15,569:INFO:Uploading results into container
2021-12-14 12:43:15,569:INFO:Uploading model into container now
2021-12-14 12:43:15,569:INFO:create_model_container: 10
2021-12-14 12:43:15,569:INFO:master_model_container: 10
2021-12-14 12:43:15,569:INFO:display_container: 2
2021-12-14 12:43:15,569:INFO:GradientBoostingClassifier(ccp_alpha=0.0, criterion='friedman_mse', init=None,
                           learning_rate=0.1, loss='deviance', max_depth=3,
                           max_features=None, max_leaf_nodes=None,
                           min_impurity_decrease=0.0, min_impurity_split=None,
                           min_samples_leaf=1, min_samples_split=2,
                           min_weight_fraction_leaf=0.0, n_estimators=100,
                           n_iter_no_change=None, presort='deprecated',
                           random_state=3080, subsample=1.0, tol=0.0001,
                           validation_fraction=0.1, verbose=0,
                           warm_start=False)
2021-12-14 12:43:15,569:INFO:create_model() succesfully completed......................................
2021-12-14 12:43:15,616:INFO:SubProcess create_model() end ==================================
2021-12-14 12:43:15,616:INFO:Creating metrics dataframe
2021-12-14 12:43:15,626:INFO:Initializing Linear Discriminant Analysis
2021-12-14 12:43:15,626:INFO:Total runtime is 0.13724428415298462 minutes
2021-12-14 12:43:15,631:INFO:SubProcess create_model() called ==================================
2021-12-14 12:43:15,631:INFO:Initializing create_model()
2021-12-14 12:43:15,631:INFO:create_model(estimator=lda, fold=StratifiedKFold(n_splits=5, random_state=None, shuffle=False), round=4, cross_validation=True, predict=True, fit_kwargs={}, groups=None, refit=False, verbose=False, system=False, metrics=None, display=<pycaret.internal.Display.Display object at 0x7fcee94cfd90>, kwargs={})
2021-12-14 12:43:15,631:INFO:Checking exceptions
2021-12-14 12:43:15,632:INFO:Importing libraries
2021-12-14 12:43:15,632:INFO:Copying training dataset
2021-12-14 12:43:15,632:INFO:Defining folds
2021-12-14 12:43:15,632:INFO:Declaring metric variables
2021-12-14 12:43:15,636:INFO:Importing untrained model
2021-12-14 12:43:15,641:INFO:Linear Discriminant Analysis Imported succesfully
2021-12-14 12:43:15,649:INFO:Starting cross validation
2021-12-14 12:43:15,649:INFO:Cross validating with StratifiedKFold(n_splits=5, random_state=None, shuffle=False), n_jobs=-1
2021-12-14 12:43:15,719:INFO:Calculating mean and std
2021-12-14 12:43:15,719:INFO:Creating metrics dataframe
2021-12-14 12:43:15,722:INFO:Uploading results into container
2021-12-14 12:43:15,722:INFO:Uploading model into container now
2021-12-14 12:43:15,722:INFO:create_model_container: 11
2021-12-14 12:43:15,722:INFO:master_model_container: 11
2021-12-14 12:43:15,722:INFO:display_container: 2
2021-12-14 12:43:15,722:INFO:LinearDiscriminantAnalysis(n_components=None, priors=None, shrinkage=None,
                           solver='svd', store_covariance=False, tol=0.0001)
2021-12-14 12:43:15,722:INFO:create_model() succesfully completed......................................
2021-12-14 12:43:15,778:INFO:SubProcess create_model() end ==================================
2021-12-14 12:43:15,778:INFO:Creating metrics dataframe
2021-12-14 12:43:15,790:INFO:Initializing Extra Trees Classifier
2021-12-14 12:43:15,790:INFO:Total runtime is 0.13997095425923664 minutes
2021-12-14 12:43:15,795:INFO:SubProcess create_model() called ==================================
2021-12-14 12:43:15,796:INFO:Initializing create_model()
2021-12-14 12:43:15,796:INFO:create_model(estimator=et, fold=StratifiedKFold(n_splits=5, random_state=None, shuffle=False), round=4, cross_validation=True, predict=True, fit_kwargs={}, groups=None, refit=False, verbose=False, system=False, metrics=None, display=<pycaret.internal.Display.Display object at 0x7fcee94cfd90>, kwargs={})
2021-12-14 12:43:15,796:INFO:Checking exceptions
2021-12-14 12:43:15,796:INFO:Importing libraries
2021-12-14 12:43:15,796:INFO:Copying training dataset
2021-12-14 12:43:15,796:INFO:Defining folds
2021-12-14 12:43:15,796:INFO:Declaring metric variables
2021-12-14 12:43:15,801:INFO:Importing untrained model
2021-12-14 12:43:15,806:INFO:Extra Trees Classifier Imported succesfully
2021-12-14 12:43:15,814:INFO:Starting cross validation
2021-12-14 12:43:15,815:INFO:Cross validating with StratifiedKFold(n_splits=5, random_state=None, shuffle=False), n_jobs=-1
2021-12-14 12:43:16,690:INFO:Calculating mean and std
2021-12-14 12:43:16,690:INFO:Creating metrics dataframe
2021-12-14 12:43:16,693:INFO:Uploading results into container
2021-12-14 12:43:16,693:INFO:Uploading model into container now
2021-12-14 12:43:16,693:INFO:create_model_container: 12
2021-12-14 12:43:16,693:INFO:master_model_container: 12
2021-12-14 12:43:16,693:INFO:display_container: 2
2021-12-14 12:43:16,694:INFO:ExtraTreesClassifier(bootstrap=False, ccp_alpha=0.0, class_weight=None,
                     criterion='gini', max_depth=None, max_features='auto',
                     max_leaf_nodes=None, max_samples=None,
                     min_impurity_decrease=0.0, min_impurity_split=None,
                     min_samples_leaf=1, min_samples_split=2,
                     min_weight_fraction_leaf=0.0, n_estimators=100, n_jobs=-1,
                     oob_score=False, random_state=3080, verbose=0,
                     warm_start=False)
2021-12-14 12:43:16,694:INFO:create_model() succesfully completed......................................
2021-12-14 12:43:16,746:INFO:SubProcess create_model() end ==================================
2021-12-14 12:43:16,746:INFO:Creating metrics dataframe
2021-12-14 12:43:16,756:INFO:Initializing Light Gradient Boosting Machine
2021-12-14 12:43:16,756:INFO:Total runtime is 0.15607655445734658 minutes
2021-12-14 12:43:16,761:INFO:SubProcess create_model() called ==================================
2021-12-14 12:43:16,761:INFO:Initializing create_model()
2021-12-14 12:43:16,761:INFO:create_model(estimator=lightgbm, fold=StratifiedKFold(n_splits=5, random_state=None, shuffle=False), round=4, cross_validation=True, predict=True, fit_kwargs={}, groups=None, refit=False, verbose=False, system=False, metrics=None, display=<pycaret.internal.Display.Display object at 0x7fcee94cfd90>, kwargs={})
2021-12-14 12:43:16,761:INFO:Checking exceptions
2021-12-14 12:43:16,761:INFO:Importing libraries
2021-12-14 12:43:16,761:INFO:Copying training dataset
2021-12-14 12:43:16,762:INFO:Defining folds
2021-12-14 12:43:16,762:INFO:Declaring metric variables
2021-12-14 12:43:16,766:INFO:Importing untrained model
2021-12-14 12:43:16,770:INFO:Light Gradient Boosting Machine Imported succesfully
2021-12-14 12:43:16,779:INFO:Starting cross validation
2021-12-14 12:43:16,779:INFO:Cross validating with StratifiedKFold(n_splits=5, random_state=None, shuffle=False), n_jobs=-1
2021-12-14 12:43:17,024:INFO:Calculating mean and std
2021-12-14 12:43:17,025:INFO:Creating metrics dataframe
2021-12-14 12:43:17,027:INFO:Uploading results into container
2021-12-14 12:43:17,027:INFO:Uploading model into container now
2021-12-14 12:43:17,027:INFO:create_model_container: 13
2021-12-14 12:43:17,027:INFO:master_model_container: 13
2021-12-14 12:43:17,027:INFO:display_container: 2
2021-12-14 12:43:17,028:INFO:LGBMClassifier(boosting_type='gbdt', class_weight=None, colsample_bytree=1.0,
               importance_type='split', learning_rate=0.1, max_depth=-1,
               min_child_samples=20, min_child_weight=0.001, min_split_gain=0.0,
               n_estimators=100, n_jobs=-1, num_leaves=31, objective=None,
               random_state=3080, reg_alpha=0.0, reg_lambda=0.0, silent=True,
               subsample=1.0, subsample_for_bin=200000, subsample_freq=0)
2021-12-14 12:43:17,028:INFO:create_model() succesfully completed......................................
2021-12-14 12:43:17,078:INFO:SubProcess create_model() end ==================================
2021-12-14 12:43:17,078:INFO:Creating metrics dataframe
2021-12-14 12:43:17,098:INFO:Initializing create_model()
2021-12-14 12:43:17,098:INFO:create_model(estimator=GradientBoostingClassifier(ccp_alpha=0.0, criterion='friedman_mse', init=None,
                           learning_rate=0.1, loss='deviance', max_depth=3,
                           max_features=None, max_leaf_nodes=None,
                           min_impurity_decrease=0.0, min_impurity_split=None,
                           min_samples_leaf=1, min_samples_split=2,
                           min_weight_fraction_leaf=0.0, n_estimators=100,
                           n_iter_no_change=None, presort='deprecated',
                           random_state=3080, subsample=1.0, tol=0.0001,
                           validation_fraction=0.1, verbose=0,
                           warm_start=False), fold=StratifiedKFold(n_splits=5, random_state=None, shuffle=False), round=4, cross_validation=False, predict=False, fit_kwargs={}, groups=None, refit=True, verbose=False, system=False, metrics=None, display=None, kwargs={})
2021-12-14 12:43:17,098:INFO:Checking exceptions
2021-12-14 12:43:17,098:INFO:Importing libraries
2021-12-14 12:43:17,099:INFO:Copying training dataset
2021-12-14 12:43:17,099:INFO:Defining folds
2021-12-14 12:43:17,099:INFO:Declaring metric variables
2021-12-14 12:43:17,099:INFO:Importing untrained model
2021-12-14 12:43:17,099:INFO:Declaring custom model
2021-12-14 12:43:17,100:INFO:Gradient Boosting Classifier Imported succesfully
2021-12-14 12:43:17,100:INFO:Cross validation set to False
2021-12-14 12:43:17,100:INFO:Fitting Model
2021-12-14 12:43:17,979:INFO:GradientBoostingClassifier(ccp_alpha=0.0, criterion='friedman_mse', init=None,
                           learning_rate=0.1, loss='deviance', max_depth=3,
                           max_features=None, max_leaf_nodes=None,
                           min_impurity_decrease=0.0, min_impurity_split=None,
                           min_samples_leaf=1, min_samples_split=2,
                           min_weight_fraction_leaf=0.0, n_estimators=100,
                           n_iter_no_change=None, presort='deprecated',
                           random_state=3080, subsample=1.0, tol=0.0001,
                           validation_fraction=0.1, verbose=0,
                           warm_start=False)
2021-12-14 12:43:17,980:INFO:create_models() succesfully completed......................................
2021-12-14 12:43:18,047:INFO:create_model_container: 13
2021-12-14 12:43:18,047:INFO:master_model_container: 13
2021-12-14 12:43:18,047:INFO:display_container: 2
2021-12-14 12:43:18,048:INFO:GradientBoostingClassifier(ccp_alpha=0.0, criterion='friedman_mse', init=None,
                           learning_rate=0.1, loss='deviance', max_depth=3,
                           max_features=None, max_leaf_nodes=None,
                           min_impurity_decrease=0.0, min_impurity_split=None,
                           min_samples_leaf=1, min_samples_split=2,
                           min_weight_fraction_leaf=0.0, n_estimators=100,
                           n_iter_no_change=None, presort='deprecated',
                           random_state=3080, subsample=1.0, tol=0.0001,
                           validation_fraction=0.1, verbose=0,
                           warm_start=False)
2021-12-14 12:43:18,048:INFO:compare_models() succesfully completed......................................
2021-12-14 12:43:33,154:INFO:Initializing create_model()
2021-12-14 12:43:33,155:INFO:create_model(estimator=gbc, fold=5, round=4, cross_validation=True, predict=True, fit_kwargs=None, groups=None, refit=True, verbose=True, system=True, metrics=None, display=None, kwargs={})
2021-12-14 12:43:33,156:INFO:Checking exceptions
2021-12-14 12:43:33,156:INFO:Preparing display monitor
2021-12-14 12:43:33,195:INFO:Importing libraries
2021-12-14 12:43:33,196:INFO:Copying training dataset
2021-12-14 12:43:33,197:INFO:Defining folds
2021-12-14 12:43:33,197:INFO:Declaring metric variables
2021-12-14 12:43:33,205:INFO:Importing untrained model
2021-12-14 12:43:33,211:INFO:Gradient Boosting Classifier Imported succesfully
2021-12-14 12:43:33,222:INFO:Starting cross validation
2021-12-14 12:43:33,223:INFO:Cross validating with StratifiedKFold(n_splits=5, random_state=None, shuffle=False), n_jobs=-1
2021-12-14 12:43:34,134:INFO:Calculating mean and std
2021-12-14 12:43:34,135:INFO:Creating metrics dataframe
2021-12-14 12:43:34,141:INFO:Finalizing model
2021-12-14 12:43:35,014:INFO:Uploading results into container
2021-12-14 12:43:35,014:INFO:Uploading model into container now
2021-12-14 12:43:35,020:INFO:create_model_container: 14
2021-12-14 12:43:35,021:INFO:master_model_container: 14
2021-12-14 12:43:35,021:INFO:display_container: 3
2021-12-14 12:43:35,021:INFO:GradientBoostingClassifier(ccp_alpha=0.0, criterion='friedman_mse', init=None,
                           learning_rate=0.1, loss='deviance', max_depth=3,
                           max_features=None, max_leaf_nodes=None,
                           min_impurity_decrease=0.0, min_impurity_split=None,
                           min_samples_leaf=1, min_samples_split=2,
                           min_weight_fraction_leaf=0.0, n_estimators=100,
                           n_iter_no_change=None, presort='deprecated',
                           random_state=3080, subsample=1.0, tol=0.0001,
                           validation_fraction=0.1, verbose=0,
                           warm_start=False)
2021-12-14 12:43:35,021:INFO:create_model() succesfully completed......................................
2021-12-14 12:43:36,427:INFO:Initializing tune_model()
2021-12-14 12:43:36,428:INFO:tune_model(estimator=GradientBoostingClassifier(ccp_alpha=0.0, criterion='friedman_mse', init=None,
                           learning_rate=0.1, loss='deviance', max_depth=3,
                           max_features=None, max_leaf_nodes=None,
                           min_impurity_decrease=0.0, min_impurity_split=None,
                           min_samples_leaf=1, min_samples_split=2,
                           min_weight_fraction_leaf=0.0, n_estimators=100,
                           n_iter_no_change=None, presort='deprecated',
                           random_state=3080, subsample=1.0, tol=0.0001,
                           validation_fraction=0.1, verbose=0,
                           warm_start=False), fold=5, round=4, n_iter=10, custom_grid={'learning_rate': [0.1, 0.2, 0.5], 'n_estimators': [100, 500, 1000], 'min_samples_split': [1, 2, 5, 10], 'max_depth': [1, 3, 9]}, optimize=AUC, custom_scorer=None, search_library=scikit-learn, search_algorithm=None, early_stopping=False, early_stopping_max_iters=10, choose_better=False, fit_kwargs=None, groups=None, return_tuner=False, verbose=True, tuner_verbose=True, display=None, kwargs={})
2021-12-14 12:43:36,428:INFO:Checking exceptions
2021-12-14 12:43:36,430:INFO:Preparing display monitor
2021-12-14 12:43:36,454:INFO:Copying training dataset
2021-12-14 12:43:36,455:INFO:Checking base model
2021-12-14 12:43:36,455:INFO:Base model : Gradient Boosting Classifier
2021-12-14 12:43:36,463:INFO:Declaring metric variables
2021-12-14 12:43:36,469:INFO:Defining Hyperparameters
2021-12-14 12:43:36,523:INFO:custom_grid: {'actual_estimator__learning_rate': [0.1, 0.2, 0.5], 'actual_estimator__n_estimators': [100, 500, 1000], 'actual_estimator__min_samples_split': [1, 2, 5, 10], 'actual_estimator__max_depth': [1, 3, 9]}
2021-12-14 12:43:36,523:INFO:Tuning with n_jobs=-1
2021-12-14 12:43:36,523:INFO:Initializing RandomizedSearchCV
2021-12-14 12:44:00,608:INFO:best_params: {'actual_estimator__n_estimators': 1000, 'actual_estimator__min_samples_split': 10, 'actual_estimator__max_depth': 1, 'actual_estimator__learning_rate': 0.1}
2021-12-14 12:44:00,610:INFO:Hyperparameter search completed
2021-12-14 12:44:00,610:INFO:SubProcess create_model() called ==================================
2021-12-14 12:44:00,610:INFO:Initializing create_model()
2021-12-14 12:44:00,610:INFO:create_model(estimator=GradientBoostingClassifier(ccp_alpha=0.0, criterion='friedman_mse', init=None,
                           learning_rate=0.1, loss='deviance', max_depth=3,
                           max_features=None, max_leaf_nodes=None,
                           min_impurity_decrease=0.0, min_impurity_split=None,
                           min_samples_leaf=1, min_samples_split=2,
                           min_weight_fraction_leaf=0.0, n_estimators=100,
                           n_iter_no_change=None, presort='deprecated',
                           random_state=3080, subsample=1.0, tol=0.0001,
                           validation_fraction=0.1, verbose=0,
                           warm_start=False), fold=StratifiedKFold(n_splits=5, random_state=None, shuffle=False), round=4, cross_validation=True, predict=True, fit_kwargs={}, groups=None, refit=True, verbose=True, system=False, metrics=None, display=<pycaret.internal.Display.Display object at 0x7fceb84b70d0>, kwargs={'n_estimators': 1000, 'min_samples_split': 10, 'max_depth': 1, 'learning_rate': 0.1})
2021-12-14 12:44:00,610:INFO:Checking exceptions
2021-12-14 12:44:00,610:INFO:Importing libraries
2021-12-14 12:44:00,610:INFO:Copying training dataset
2021-12-14 12:44:00,611:INFO:Defining folds
2021-12-14 12:44:00,611:INFO:Declaring metric variables
2021-12-14 12:44:00,616:INFO:Importing untrained model
2021-12-14 12:44:00,616:INFO:Declaring custom model
2021-12-14 12:44:00,620:INFO:Gradient Boosting Classifier Imported succesfully
2021-12-14 12:44:00,628:INFO:Starting cross validation
2021-12-14 12:44:00,629:INFO:Cross validating with StratifiedKFold(n_splits=5, random_state=None, shuffle=False), n_jobs=-1
2021-12-14 12:44:04,368:INFO:Calculating mean and std
2021-12-14 12:44:04,368:INFO:Creating metrics dataframe
2021-12-14 12:44:04,374:INFO:Finalizing model
2021-12-14 12:44:08,215:INFO:Uploading results into container
2021-12-14 12:44:08,216:INFO:Uploading model into container now
2021-12-14 12:44:08,216:INFO:create_model_container: 15
2021-12-14 12:44:08,216:INFO:master_model_container: 15
2021-12-14 12:44:08,216:INFO:display_container: 4
2021-12-14 12:44:08,216:INFO:GradientBoostingClassifier(ccp_alpha=0.0, criterion='friedman_mse', init=None,
                           learning_rate=0.1, loss='deviance', max_depth=1,
                           max_features=None, max_leaf_nodes=None,
                           min_impurity_decrease=0.0, min_impurity_split=None,
                           min_samples_leaf=1, min_samples_split=10,
                           min_weight_fraction_leaf=0.0, n_estimators=1000,
                           n_iter_no_change=None, presort='deprecated',
                           random_state=3080, subsample=1.0, tol=0.0001,
                           validation_fraction=0.1, verbose=0,
                           warm_start=False)
2021-12-14 12:44:08,216:INFO:create_model() succesfully completed......................................
2021-12-14 12:44:08,273:INFO:SubProcess create_model() end ==================================
2021-12-14 12:44:08,279:INFO:create_model_container: 15
2021-12-14 12:44:08,279:INFO:master_model_container: 15
2021-12-14 12:44:08,280:INFO:display_container: 4
2021-12-14 12:44:08,280:INFO:GradientBoostingClassifier(ccp_alpha=0.0, criterion='friedman_mse', init=None,
                           learning_rate=0.1, loss='deviance', max_depth=1,
                           max_features=None, max_leaf_nodes=None,
                           min_impurity_decrease=0.0, min_impurity_split=None,
                           min_samples_leaf=1, min_samples_split=10,
                           min_weight_fraction_leaf=0.0, n_estimators=1000,
                           n_iter_no_change=None, presort='deprecated',
                           random_state=3080, subsample=1.0, tol=0.0001,
                           validation_fraction=0.1, verbose=0,
                           warm_start=False)
2021-12-14 12:44:08,280:INFO:tune_model() succesfully completed......................................
2021-12-14 12:46:09,722:INFO:Initializing finalize_model()
2021-12-14 12:46:09,724:INFO:finalize_model(estimator=GradientBoostingClassifier(ccp_alpha=0.0, criterion='friedman_mse', init=None,
                           learning_rate=0.1, loss='deviance', max_depth=3,
                           max_features=None, max_leaf_nodes=None,
                           min_impurity_decrease=0.0, min_impurity_split=None,
                           min_samples_leaf=1, min_samples_split=2,
                           min_weight_fraction_leaf=0.0, n_estimators=100,
                           n_iter_no_change=None, presort='deprecated',
                           random_state=3080, subsample=1.0, tol=0.0001,
                           validation_fraction=0.1, verbose=0,
                           warm_start=False), fit_kwargs=None, groups=None, model_only=True, display=None)
2021-12-14 12:46:09,726:INFO:Finalizing GradientBoostingClassifier(ccp_alpha=0.0, criterion='friedman_mse', init=None,
                           learning_rate=0.1, loss='deviance', max_depth=3,
                           max_features=None, max_leaf_nodes=None,
                           min_impurity_decrease=0.0, min_impurity_split=None,
                           min_samples_leaf=1, min_samples_split=2,
                           min_weight_fraction_leaf=0.0, n_estimators=100,
                           n_iter_no_change=None, presort='deprecated',
                           random_state=3080, subsample=1.0, tol=0.0001,
                           validation_fraction=0.1, verbose=0,
                           warm_start=False)
2021-12-14 12:46:09,727:INFO:Initializing create_model()
2021-12-14 12:46:09,728:INFO:create_model(estimator=GradientBoostingClassifier(ccp_alpha=0.0, criterion='friedman_mse', init=None,
                           learning_rate=0.1, loss='deviance', max_depth=3,
                           max_features=None, max_leaf_nodes=None,
                           min_impurity_decrease=0.0, min_impurity_split=None,
                           min_samples_leaf=1, min_samples_split=2,
                           min_weight_fraction_leaf=0.0, n_estimators=100,
                           n_iter_no_change=None, presort='deprecated',
                           random_state=3080, subsample=1.0, tol=0.0001,
                           validation_fraction=0.1, verbose=0,
                           warm_start=False), fold=None, round=4, cross_validation=True, predict=True, fit_kwargs={}, groups=None, refit=True, verbose=False, system=False, metrics=None, display=None, kwargs={})
2021-12-14 12:46:09,728:INFO:Checking exceptions
2021-12-14 12:46:09,729:INFO:Importing libraries
2021-12-14 12:46:09,729:INFO:Copying training dataset
2021-12-14 12:46:09,731:INFO:Defining folds
2021-12-14 12:46:09,732:INFO:Declaring metric variables
2021-12-14 12:46:09,732:INFO:Importing untrained model
2021-12-14 12:46:09,732:INFO:Declaring custom model
2021-12-14 12:46:09,733:INFO:Gradient Boosting Classifier Imported succesfully
2021-12-14 12:46:09,733:INFO:Starting cross validation
2021-12-14 12:46:09,735:INFO:Cross validating with StratifiedKFold(n_splits=10, random_state=None, shuffle=False), n_jobs=-1
2021-12-14 12:46:13,215:INFO:Calculating mean and std
2021-12-14 12:46:13,215:INFO:Creating metrics dataframe
2021-12-14 12:46:13,219:INFO:Finalizing model
2021-12-14 12:46:14,585:INFO:Uploading results into container
2021-12-14 12:46:14,585:INFO:Uploading model into container now
2021-12-14 12:46:14,585:INFO:create_model_container: 16
2021-12-14 12:46:14,585:INFO:master_model_container: 16
2021-12-14 12:46:14,585:INFO:display_container: 5
2021-12-14 12:46:14,586:INFO:GradientBoostingClassifier(ccp_alpha=0.0, criterion='friedman_mse', init=None,
                           learning_rate=0.1, loss='deviance', max_depth=3,
                           max_features=None, max_leaf_nodes=None,
                           min_impurity_decrease=0.0, min_impurity_split=None,
                           min_samples_leaf=1, min_samples_split=2,
                           min_weight_fraction_leaf=0.0, n_estimators=100,
                           n_iter_no_change=None, presort='deprecated',
                           random_state=3080, subsample=1.0, tol=0.0001,
                           validation_fraction=0.1, verbose=0,
                           warm_start=False)
2021-12-14 12:46:14,586:INFO:create_model() succesfully completed......................................
2021-12-14 12:46:14,676:INFO:create_model_container: 16
2021-12-14 12:46:14,676:INFO:master_model_container: 16
2021-12-14 12:46:14,676:INFO:display_container: 4
2021-12-14 12:46:14,677:INFO:GradientBoostingClassifier(ccp_alpha=0.0, criterion='friedman_mse', init=None,
                           learning_rate=0.1, loss='deviance', max_depth=3,
                           max_features=None, max_leaf_nodes=None,
                           min_impurity_decrease=0.0, min_impurity_split=None,
                           min_samples_leaf=1, min_samples_split=2,
                           min_weight_fraction_leaf=0.0, n_estimators=100,
                           n_iter_no_change=None, presort='deprecated',
                           random_state=3080, subsample=1.0, tol=0.0001,
                           validation_fraction=0.1, verbose=0,
                           warm_start=False)
2021-12-14 12:46:14,677:INFO:finalize_model() succesfully completed......................................
2021-12-14 12:46:45,542:INFO:Initializing save_model()
2021-12-14 12:46:45,543:INFO:save_model(model=GradientBoostingClassifier(ccp_alpha=0.0, criterion='friedman_mse', init=None,
                           learning_rate=0.1, loss='deviance', max_depth=3,
                           max_features=None, max_leaf_nodes=None,
                           min_impurity_decrease=0.0, min_impurity_split=None,
                           min_samples_leaf=1, min_samples_split=2,
                           min_weight_fraction_leaf=0.0, n_estimators=100,
                           n_iter_no_change=None, presort='deprecated',
                           random_state=3080, subsample=1.0, tol=0.0001,
                           validation_fraction=0.1, verbose=0,
                           warm_start=False), model_name=model, prep_pipe_=Pipeline(memory=None,
         steps=[('dtypes',
                 DataTypes_Auto_infer(categorical_features=[],
                                      display_types=True, features_todrop=[],
                                      id_columns=[],
                                      ml_usecase='classification',
                                      numerical_features=['yearsAtCompany'],
                                      target='turnover', time_features=[])),
                ('imputer',
                 Simple_Imputer(categorical_strategy='not_available',
                                fill_value_categorical=None,
                                fill_value_numerical=...
                ('P_transform', 'passthrough'), ('binn', 'passthrough'),
                ('rem_outliers', 'passthrough'), ('cluster_all', 'passthrough'),
                ('dummy', Dummify(target='turnover')),
                ('fix_perfect', Remove_100(target='turnover')),
                ('clean_names', Clean_Colum_Names()),
                ('feature_select', 'passthrough'), ('fix_multi', 'passthrough'),
                ('dfs', 'passthrough'), ('pca', 'passthrough')],
         verbose=False), verbose=True, kwargs={})
2021-12-14 12:46:45,543:INFO:Adding model into prep_pipe
2021-12-14 12:46:45,572:INFO:model.pkl saved in current working directory
2021-12-14 12:46:45,578:INFO:Pipeline(memory=None,
         steps=[('dtypes',
                 DataTypes_Auto_infer(categorical_features=[],
                                      display_types=True, features_todrop=[],
                                      id_columns=[],
                                      ml_usecase='classification',
                                      numerical_features=['yearsAtCompany'],
                                      target='turnover', time_features=[])),
                ('imputer',
                 Simple_Imputer(categorical_strategy='not_available',
                                fill_value_categorical=None,
                                fill_value_numerical=...
                                            learning_rate=0.1, loss='deviance',
                                            max_depth=3, max_features=None,
                                            max_leaf_nodes=None,
                                            min_impurity_decrease=0.0,
                                            min_impurity_split=None,
                                            min_samples_leaf=1,
                                            min_samples_split=2,
                                            min_weight_fraction_leaf=0.0,
                                            n_estimators=100,
                                            n_iter_no_change=None,
                                            presort='deprecated',
                                            random_state=3080, subsample=1.0,
                                            tol=0.0001, validation_fraction=0.1,
                                            verbose=0, warm_start=False)]],
         verbose=False)
2021-12-14 12:46:45,579:INFO:save_model() successfully completed......................................
